# JRE version: Java(TM) SE Runtime Environment (8.0_251-b08) (build 1.8.0_251-b08)
# Java VM: Java HotSpot(TM) 64-Bit Server VM (25.251-b08 mixed mode windows-amd64 compressed oops)
Heap:
 PSYoungGen      total 29696K, used 420K [0x00000000eab00000, 0x00000000ed080000, 0x0000000100000000)
  eden space 24064K, 1% used [0x00000000eab00000,0x00000000eab69118,0x00000000ec280000)
  from space 5632K, 0% used [0x00000000ec300000,0x00000000ec300000,0x00000000ec880000)
  to   space 7168K, 0% used [0x00000000ec980000,0x00000000ec980000,0x00000000ed080000)
 ParOldGen       total 68608K, used 17155K [0x00000000c0000000, 0x00000000c4300000, 0x00000000eab00000)
  object space 68608K, 25% used [0x00000000c0000000,0x00000000c10c0f10,0x00000000c4300000)
 Metaspace       used 33868K, capacity 35528K, committed 35752K, reserved 1081344K
  class space    used 3367K, capacity 3815K, committed 3840K, reserved 1048576K
GC Heap History (10 events):
Event: 129.916 GC heap before
{Heap before GC invocations=9 (full 1):
 PSYoungGen      total 29696K, used 29673K [0x00000000eab00000, 0x00000000ed780000, 0x0000000100000000)
  eden space 26112K, 100% used [0x00000000eab00000,0x00000000ec480000,0x00000000ec480000)
  from space 3584K, 99% used [0x00000000ec500000,0x00000000ec87a698,0x00000000ec880000)
  to   space 9728K, 0% used [0x00000000ece00000,0x00000000ece00000,0x00000000ed780000)
 ParOldGen       total 68608K, used 13032K [0x00000000c0000000, 0x00000000c4300000, 0x00000000eab00000)
  object space 68608K, 18% used [0x00000000c0000000,0x00000000c0cba158,0x00000000c4300000)
 Metaspace       used 31019K, capacity 32506K, committed 32768K, reserved 1079296K
  class space    used 3089K, capacity 3506K, committed 3584K, reserved 1048576K
Event: 129.921 GC heap after
Heap after GC invocations=9 (full 1):
 PSYoungGen      total 29696K, used 4049K [0x00000000eab00000, 0x00000000ed200000, 0x0000000100000000)
  eden space 25600K, 0% used [0x00000000eab00000,0x00000000eab00000,0x00000000ec400000)
  from space 4096K, 98% used [0x00000000ece00000,0x00000000ed1f4568,0x00000000ed200000)
  to   space 5632K, 0% used [0x00000000ec700000,0x00000000ec700000,0x00000000ecc80000)
 ParOldGen       total 68608K, used 13040K [0x00000000c0000000, 0x00000000c4300000, 0x00000000eab00000)
  object space 68608K, 19% used [0x00000000c0000000,0x00000000c0cbc158,0x00000000c4300000)
 Metaspace       used 31019K, capacity 32506K, committed 32768K, reserved 1079296K
  class space    used 3089K, capacity 3506K, committed 3584K, reserved 1048576K
}
Event: 515.864 GC heap before
{Heap before GC invocations=10 (full 1):
 PSYoungGen      total 29696K, used 29649K [0x00000000eab00000, 0x00000000ed200000, 0x0000000100000000)
  eden space 25600K, 100% used [0x00000000eab00000,0x00000000ec400000,0x00000000ec400000)
  from space 4096K, 98% used [0x00000000ece00000,0x00000000ed1f4568,0x00000000ed200000)
  to   space 5632K, 0% used [0x00000000ec700000,0x00000000ec700000,0x00000000ecc80000)
 ParOldGen       total 68608K, used 13040K [0x00000000c0000000, 0x00000000c4300000, 0x00000000eab00000)
  object space 68608K, 19% used [0x00000000c0000000,0x00000000c0cbc158,0x00000000c4300000)
 Metaspace       used 32023K, capacity 33522K, committed 33920K, reserved 1079296K
  class space    used 3181K, capacity 3646K, committed 3712K, reserved 1048576K
Event: 515.872 GC heap after
Heap after GC invocations=10 (full 1):
 PSYoungGen      total 30720K, used 5504K [0x00000000eab00000, 0x00000000ecf80000, 0x0000000100000000)
  eden space 25088K, 0% used [0x00000000eab00000,0x00000000eab00000,0x00000000ec380000)
  from space 5632K, 97% used [0x00000000ec700000,0x00000000ecc60108,0x00000000ecc80000)
  to   space 3072K, 0% used [0x00000000ecc80000,0x00000000ecc80000,0x00000000ecf80000)
 ParOldGen       total 68608K, used 13048K [0x00000000c0000000, 0x00000000c4300000, 0x00000000eab00000)
  object space 68608K, 19% used [0x00000000c0000000,0x00000000c0cbe158,0x00000000c4300000)
 Metaspace       used 32023K, capacity 33522K, committed 33920K, reserved 1079296K
  class space    used 3181K, capacity 3646K, committed 3712K, reserved 1048576K
}
Event: 516.162 GC heap before
{Heap before GC invocations=11 (full 1):
 PSYoungGen      total 30720K, used 30592K [0x00000000eab00000, 0x00000000ecf80000, 0x0000000100000000)
  eden space 25088K, 100% used [0x00000000eab00000,0x00000000ec380000,0x00000000ec380000)
  from space 5632K, 97% used [0x00000000ec700000,0x00000000ecc60108,0x00000000ecc80000)
  to   space 3072K, 0% used [0x00000000ecc80000,0x00000000ecc80000,0x00000000ecf80000)
 ParOldGen       total 68608K, used 13048K [0x00000000c0000000, 0x00000000c4300000, 0x00000000eab00000)
  object space 68608K, 19% used [0x00000000c0000000,0x00000000c0cbe158,0x00000000c4300000)
 Metaspace       used 32789K, capacity 34332K, committed 34560K, reserved 1079296K
  class space    used 3263K, capacity 3717K, committed 3840K, reserved 1048576K
Event: 516.180 GC heap after
Heap after GC invocations=11 (full 1):
 PSYoungGen      total 27648K, used 3044K [0x00000000eab00000, 0x00000000ed600000, 0x0000000100000000)
  eden space 24576K, 0% used [0x00000000eab00000,0x00000000eab00000,0x00000000ec300000)
  from space 3072K, 99% used [0x00000000ecc80000,0x00000000ecf79380,0x00000000ecf80000)
  to   space 9728K, 0% used [0x00000000ec300000,0x00000000ec300000,0x00000000ecc80000)
 ParOldGen       total 68608K, used 18749K [0x00000000c0000000, 0x00000000c4300000, 0x00000000eab00000)
  object space 68608K, 27% used [0x00000000c0000000,0x00000000c124f4d0,0x00000000c4300000)
 Metaspace       used 32789K, capacity 34332K, committed 34560K, reserved 1079296K
  class space    used 3263K, capacity 3717K, committed 3840K, reserved 1048576K
}
Event: 516.911 GC heap before
{Heap before GC invocations=12 (full 1):
 PSYoungGen      total 27648K, used 16932K [0x00000000eab00000, 0x00000000ed600000, 0x0000000100000000)
  eden space 24576K, 56% used [0x00000000eab00000,0x00000000eb88fe08,0x00000000ec300000)
  from space 3072K, 99% used [0x00000000ecc80000,0x00000000ecf79380,0x00000000ecf80000)
  to   space 9728K, 0% used [0x00000000ec300000,0x00000000ec300000,0x00000000ecc80000)
 ParOldGen       total 68608K, used 18749K [0x00000000c0000000, 0x00000000c4300000, 0x00000000eab00000)
  object space 68608K, 27% used [0x00000000c0000000,0x00000000c124f4d0,0x00000000c4300000)
 Metaspace       used 33836K, capacity 35336K, committed 35496K, reserved 1081344K
  class space    used 3363K, capacity 3815K, committed 3840K, reserved 1048576K
Event: 516.930 GC heap after
Heap after GC invocations=12 (full 1):
 PSYoungGen      total 29696K, used 5610K [0x00000000eab00000, 0x00000000ed080000, 0x0000000100000000)
  eden space 24064K, 0% used [0x00000000eab00000,0x00000000eab00000,0x00000000ec280000)
  from space 5632K, 99% used [0x00000000ec300000,0x00000000ec87aa68,0x00000000ec880000)
  to   space 7168K, 0% used [0x00000000ec980000,0x00000000ec980000,0x00000000ed080000)
 ParOldGen       total 68608K, used 18925K [0x00000000c0000000, 0x00000000c4300000, 0x00000000eab00000)
  object space 68608K, 27% used [0x00000000c0000000,0x00000000c127b500,0x00000000c4300000)
 Metaspace       used 33836K, capacity 35336K, committed 35496K, reserved 1081344K
  class space    used 3363K, capacity 3815K, committed 3840K, reserved 1048576K
}
Event: 516.931 GC heap before
{Heap before GC invocations=13 (full 2):
 PSYoungGen      total 29696K, used 5610K [0x00000000eab00000, 0x00000000ed080000, 0x0000000100000000)
  eden space 24064K, 0% used [0x00000000eab00000,0x00000000eab00000,0x00000000ec280000)
  from space 5632K, 99% used [0x00000000ec300000,0x00000000ec87aa68,0x00000000ec880000)
  to   space 7168K, 0% used [0x00000000ec980000,0x00000000ec980000,0x00000000ed080000)
 ParOldGen       total 68608K, used 18925K [0x00000000c0000000, 0x00000000c4300000, 0x00000000eab00000)
  object space 68608K, 27% used [0x00000000c0000000,0x00000000c127b500,0x00000000c4300000)
 Metaspace       used 33836K, capacity 35336K, committed 35496K, reserved 1081344K
  class space    used 3363K, capacity 3815K, committed 3840K, reserved 1048576K
Event: 517.106 GC heap after
Heap after GC invocations=13 (full 2):
 PSYoungGen      total 29696K, used 0K [0x00000000eab00000, 0x00000000ed080000, 0x0000000100000000)
  eden space 24064K, 0% used [0x00000000eab00000,0x00000000eab00000,0x00000000ec280000)
  from space 5632K, 0% used [0x00000000ec300000,0x00000000ec300000,0x00000000ec880000)
  to   space 7168K, 0% used [0x00000000ec980000,0x00000000ec980000,0x00000000ed080000)
 ParOldGen       total 68608K, used 17155K [0x00000000c0000000, 0x00000000c4300000, 0x00000000eab00000)
  object space 68608K, 25% used [0x00000000c0000000,0x00000000c10c0f10,0x00000000c4300000)
 Metaspace       used 33836K, capacity 35336K, committed 35496K, reserved 1081344K
  class space    used 3363K, capacity 3815K, committed 3840K, reserved 1048576K
}

